c:\tracbom\tracbom\cocos2d\cocos\editor-support\spine\proj.win32\debug.win32\animation.obj
c:\tracbom\tracbom\cocos2d\cocos\editor-support\spine\proj.win32\debug.win32\animationstate.obj
c:\tracbom\tracbom\cocos2d\cocos\editor-support\spine\proj.win32\debug.win32\animationstatedata.obj
c:\tracbom\tracbom\cocos2d\cocos\editor-support\spine\proj.win32\debug.win32\array.obj
c:\tracbom\tracbom\cocos2d\cocos\editor-support\spine\proj.win32\debug.win32\atlas.obj
c:\tracbom\tracbom\cocos2d\cocos\editor-support\spine\proj.win32\debug.win32\atlasattachmentloader.obj
c:\tracbom\tracbom\cocos2d\cocos\editor-support\spine\proj.win32\debug.win32\attachment.obj
c:\tracbom\tracbom\cocos2d\cocos\editor-support\spine\proj.win32\debug.win32\attachmentloader.obj
c:\tracbom\tracbom\cocos2d\cocos\editor-support\spine\proj.win32\debug.win32\bone.obj
c:\tracbom\tracbom\cocos2d\cocos\editor-support\spine\proj.win32\debug.win32\bonedata.obj
c:\tracbom\tracbom\cocos2d\cocos\editor-support\spine\proj.win32\debug.win32\boundingboxattachment.obj
c:\tracbom\tracbom\cocos2d\cocos\editor-support\spine\proj.win32\debug.win32\clippingattachment.obj
c:\tracbom\tracbom\cocos2d\cocos\editor-support\spine\proj.win32\debug.win32\color.obj
c:\tracbom\tracbom\cocos2d\cocos\editor-support\spine\proj.win32\debug.win32\event.obj
c:\tracbom\tracbom\cocos2d\cocos\editor-support\spine\proj.win32\debug.win32\eventdata.obj
c:\tracbom\tracbom\cocos2d\cocos\editor-support\spine\proj.win32\debug.win32\extension.obj
c:\tracbom\tracbom\cocos2d\cocos\editor-support\spine\proj.win32\debug.win32\ikconstraint.obj
c:\tracbom\tracbom\cocos2d\cocos\editor-support\spine\proj.win32\debug.win32\ikconstraintdata.obj
c:\tracbom\tracbom\cocos2d\cocos\editor-support\spine\proj.win32\debug.win32\json.obj
c:\tracbom\tracbom\cocos2d\cocos\editor-support\spine\proj.win32\debug.win32\meshattachment.obj
c:\tracbom\tracbom\cocos2d\cocos\editor-support\spine\proj.win32\debug.win32\pathattachment.obj
c:\tracbom\tracbom\cocos2d\cocos\editor-support\spine\proj.win32\debug.win32\pathconstraint.obj
c:\tracbom\tracbom\cocos2d\cocos\editor-support\spine\proj.win32\debug.win32\pathconstraintdata.obj
c:\tracbom\tracbom\cocos2d\cocos\editor-support\spine\proj.win32\debug.win32\pointattachment.obj
c:\tracbom\tracbom\cocos2d\cocos\editor-support\spine\proj.win32\debug.win32\regionattachment.obj
c:\tracbom\tracbom\cocos2d\cocos\editor-support\spine\proj.win32\debug.win32\skeleton.obj
c:\tracbom\tracbom\cocos2d\cocos\editor-support\spine\proj.win32\debug.win32\skeletonbinary.obj
c:\tracbom\tracbom\cocos2d\cocos\editor-support\spine\proj.win32\debug.win32\skeletonbounds.obj
c:\tracbom\tracbom\cocos2d\cocos\editor-support\spine\proj.win32\debug.win32\skeletonclipping.obj
c:\tracbom\tracbom\cocos2d\cocos\editor-support\spine\proj.win32\debug.win32\skeletondata.obj
c:\tracbom\tracbom\cocos2d\cocos\editor-support\spine\proj.win32\debug.win32\skeletonjson.obj
c:\tracbom\tracbom\cocos2d\cocos\editor-support\spine\proj.win32\debug.win32\skin.obj
c:\tracbom\tracbom\cocos2d\cocos\editor-support\spine\proj.win32\debug.win32\slot.obj
c:\tracbom\tracbom\cocos2d\cocos\editor-support\spine\proj.win32\debug.win32\slotdata.obj
c:\tracbom\tracbom\cocos2d\cocos\editor-support\spine\proj.win32\debug.win32\transformconstraint.obj
c:\tracbom\tracbom\cocos2d\cocos\editor-support\spine\proj.win32\debug.win32\transformconstraintdata.obj
c:\tracbom\tracbom\cocos2d\cocos\editor-support\spine\proj.win32\debug.win32\vertexattachment.obj
c:\tracbom\tracbom\cocos2d\cocos\editor-support\spine\proj.win32\debug.win32\vertexeffect.obj
c:\tracbom\tracbom\proj.win32\debug.win32\libspine.pdb
c:\tracbom\tracbom\cocos2d\cocos\editor-support\spine\proj.win32\debug.win32\libspine.tlog\cl.command.1.tlog
