c:\tracbom\tracbom\cocos2d\cocos\2d\debug.win32\libcocos2d.pch
c:\tracbom\tracbom\cocos2d\cocos\2d\debug.win32\precheader.obj
c:\tracbom\tracbom\cocos2d\cocos\2d\debug.win32\cccontrolslider.obj
c:\tracbom\tracbom\cocos2d\cocos\2d\debug.win32\ccpubaseforceaffector.obj
c:\tracbom\tracbom\cocos2d\cocos\2d\debug.win32\ccpucircleemittertranslator.obj
c:\tracbom\tracbom\cocos2d\cocos\2d\debug.win32\ccpudynamicattributetranslator.obj
c:\tracbom\tracbom\cocos2d\cocos\2d\debug.win32\ccpulineaffectortranslator.obj
c:\tracbom\tracbom\cocos2d\cocos\2d\debug.win32\ccpuonexpireobservertranslator.obj
c:\tracbom\tracbom\cocos2d\cocos\2d\debug.win32\ccpupointemittertranslator.obj
c:\tracbom\tracbom\cocos2d\cocos\2d\debug.win32\ccpusphere.obj
c:\tracbom\tracbom\cocos2d\cocos\2d\debug.win32\ccpuspheresurfaceemittertranslator.obj
c:\tracbom\tracbom\cocos2d\cocos\2d\debug.win32\idl_parser.obj
c:\tracbom\tracbom\cocos2d\cocos\2d\debug.win32\ccbanimationmanager.obj
c:\tracbom\tracbom\cocos2d\cocos\2d\debug.win32\ccdatareaderhelper.obj
c:\tracbom\tracbom\cocos2d\cocos\2d\debug.win32\nodereader.obj
c:\tracbom\tracbom\cocos2d\cocos\2d\debug.win32\widgetreader.obj
c:\tracbom\tracbom\cocos2d\cocos\2d\debug.win32\ccglviewimpl-desktop.obj
c:\tracbom\tracbom\cocos2d\cocos\2d\debug.win32\ccrenderstate.obj
c:\tracbom\tracbom\cocos2d\cocos\2d\debug.win32\localstorage.obj
c:\tracbom\tracbom\cocos2d\cocos\2d\debug.win32\uihbox.obj
c:\tracbom\tracbom\cocos2d\cocos\2d\debug.win32\uiscrollview.obj
c:\tracbom\tracbom\cocos2d\cocos\2d\debug.win32\cccomponent.obj
c:\tracbom\tracbom\cocos2d\cocos\2d\debug.win32\ccfontatlas.obj
c:\tracbom\tracbom\cocos2d\cocos\2d\debug.win32\ccscene.obj
c:\tracbom\tracbom\cocos2d\cocos\2d\debug.win32\cccontrolstepper.obj
c:\tracbom\tracbom\cocos2d\cocos\2d\debug.win32\ccpualignaffector.obj
c:\tracbom\tracbom\cocos2d\cocos\2d\debug.win32\ccpubillboardchain.obj
c:\tracbom\tracbom\cocos2d\cocos\2d\debug.win32\ccpueventhandler.obj
c:\tracbom\tracbom\cocos2d\cocos\2d\debug.win32\ccpujetaffectortranslator.obj
c:\tracbom\tracbom\cocos2d\cocos\2d\debug.win32\ccpuonexpireobserver.obj
c:\tracbom\tracbom\cocos2d\cocos\2d\debug.win32\ccpuparticlesystem3d.obj
c:\tracbom\tracbom\cocos2d\cocos\2d\debug.win32\idl_gen_fbs.obj
c:\tracbom\tracbom\cocos2d\cocos\2d\debug.win32\cceventacceleration.obj
c:\tracbom\tracbom\cocos2d\cocos\2d\debug.win32\cceventlistenercontroller.obj
c:\tracbom\tracbom\cocos2d\cocos\2d\debug.win32\ccscheduler.obj
c:\tracbom\tracbom\cocos2d\cocos\2d\debug.win32\cclayercolorloader.obj
c:\tracbom\tracbom\cocos2d\cocos\2d\debug.win32\ccactionnode.obj
c:\tracbom\tracbom\cocos2d\cocos\2d\debug.win32\ccskin.obj
c:\tracbom\tracbom\cocos2d\cocos\2d\debug.win32\listviewreader.obj
c:\tracbom\tracbom\cocos2d\cocos\2d\debug.win32\textfieldreader.obj
c:\tracbom\tracbom\cocos2d\cocos\2d\debug.win32\uri.obj
c:\tracbom\tracbom\cocos2d\cocos\2d\debug.win32\cctexture2d.obj
c:\tracbom\tracbom\cocos2d\cocos\2d\debug.win32\uilistview.obj
c:\tracbom\tracbom\cocos2d\cocos\2d\debug.win32\ccactioncamera.obj
c:\tracbom\tracbom\cocos2d\cocos\2d\debug.win32\ccactiontiledgrid.obj
c:\tracbom\tracbom\cocos2d\cocos\2d\debug.win32\ccfasttmxtiledmap.obj
c:\tracbom\tracbom\cocos2d\cocos\2d\debug.win32\ccnode.obj
c:\tracbom\tracbom\cocos2d\cocos\2d\debug.win32\cceventassetsmanagerex.obj
c:\tracbom\tracbom\cocos2d\cocos\2d\debug.win32\ccpubehaviourmanager.obj
c:\tracbom\tracbom\cocos2d\cocos\2d\debug.win32\ccpudoplacementparticleeventhandler.obj
c:\tracbom\tracbom\cocos2d\cocos\2d\debug.win32\ccpuforcefield.obj
c:\tracbom\tracbom\cocos2d\cocos\2d\debug.win32\ccpugravityaffector.obj
c:\tracbom\tracbom\cocos2d\cocos\2d\debug.win32\ccpumaterialtranslator.obj
c:\tracbom\tracbom\cocos2d\cocos\2d\debug.win32\ccpuoneventflagobservertranslator.obj
c:\tracbom\tracbom\cocos2d\cocos\2d\debug.win32\ccpupositionemitter.obj
c:\tracbom\tracbom\cocos2d\cocos\2d\debug.win32\ccpuscripttranslator.obj
c:\tracbom\tracbom\cocos2d\cocos\2d\debug.win32\ccaabb.obj
c:\tracbom\tracbom\cocos2d\cocos\2d\debug.win32\ccmeshskin.obj
c:\tracbom\tracbom\cocos2d\cocos\2d\debug.win32\audioengine.obj
c:\tracbom\tracbom\cocos2d\cocos\2d\debug.win32\ccutf8.obj
c:\tracbom\tracbom\cocos2d\cocos\2d\debug.win32\cccontrolloader.obj
c:\tracbom\tracbom\cocos2d\cocos\2d\debug.win32\ccactiontimelinenode.obj
c:\tracbom\tracbom\cocos2d\cocos\2d\debug.win32\cccomextensiondata.obj
c:\tracbom\tracbom\cocos2d\cocos\2d\debug.win32\cctransformhelp.obj
c:\tracbom\tracbom\cocos2d\cocos\2d\debug.win32\checkboxreader.obj
c:\tracbom\tracbom\cocos2d\cocos\2d\debug.win32\projectnodereader.obj
c:\tracbom\tracbom\cocos2d\cocos\2d\debug.win32\spritereader.obj
c:\tracbom\tracbom\cocos2d\cocos\2d\debug.win32\mat4.obj
c:\tracbom\tracbom\cocos2d\cocos\2d\debug.win32\transformutils.obj
c:\tracbom\tracbom\cocos2d\cocos\2d\debug.win32\vec3.obj
c:\tracbom\tracbom\cocos2d\cocos\2d\debug.win32\ccnavmeshdebugdraw.obj
c:\tracbom\tracbom\cocos2d\cocos\2d\debug.win32\ccphysics3dshape.obj
c:\tracbom\tracbom\cocos2d\cocos\2d\debug.win32\uilayout.obj
c:\tracbom\tracbom\cocos2d\cocos\2d\debug.win32\ccactionpageturn3d.obj
c:\tracbom\tracbom\cocos2d\cocos\2d\debug.win32\ccatlasnode.obj
c:\tracbom\tracbom\cocos2d\cocos\2d\debug.win32\ccfontfreetype.obj
c:\tracbom\tracbom\cocos2d\cocos\2d\debug.win32\ccprogresstimer.obj
c:\tracbom\tracbom\cocos2d\cocos\2d\debug.win32\cctransition.obj
c:\tracbom\tracbom\cocos2d\cocos\2d\debug.win32\ccinvocation.obj
c:\tracbom\tracbom\cocos2d\cocos\2d\debug.win32\ccpuaffectormanager.obj
c:\tracbom\tracbom\cocos2d\cocos\2d\debug.win32\ccpucoloraffector.obj
c:\tracbom\tracbom\cocos2d\cocos\2d\debug.win32\ccpudostopsystemeventhandler.obj
c:\tracbom\tracbom\cocos2d\cocos\2d\debug.win32\ccpuinterparticlecollidertranslator.obj
c:\tracbom\tracbom\cocos2d\cocos\2d\debug.win32\ccpuonemissionobserver.obj
c:\tracbom\tracbom\cocos2d\cocos\2d\debug.win32\ccpuontimeobservertranslator.obj
c:\tracbom\tracbom\cocos2d\cocos\2d\debug.win32\ccpuscriptparser.obj
c:\tracbom\tracbom\cocos2d\cocos\2d\debug.win32\ccpuslavebehaviourtranslator.obj
c:\tracbom\tracbom\cocos2d\cocos\2d\debug.win32\ccphysicsdebugnode.obj
c:\tracbom\tracbom\cocos2d\cocos\2d\debug.win32\idl_gen_cpp.obj
c:\tracbom\tracbom\cocos2d\cocos\2d\debug.win32\cccontroller-linux-win32.obj
c:\tracbom\tracbom\cocos2d\cocos\2d\debug.win32\ccmenuitemloader.obj
c:\tracbom\tracbom\cocos2d\cocos\2d\debug.win32\cccomattribute.obj
c:\tracbom\tracbom\cocos2d\cocos\2d\debug.win32\ccsscenereader.obj
c:\tracbom\tracbom\cocos2d\cocos\2d\debug.win32\ccdownloader.obj
c:\tracbom\tracbom\cocos2d\cocos\2d\debug.win32\ccphysics3dcomponent.obj
c:\tracbom\tracbom\cocos2d\cocos\2d\debug.win32\ccglstatecache.obj
c:\tracbom\tracbom\cocos2d\cocos\2d\debug.win32\ccquadcommand.obj
c:\tracbom\tracbom\cocos2d\cocos\2d\debug.win32\cctexturecube.obj
c:\tracbom\tracbom\cocos2d\cocos\2d\debug.win32\uieditboximpl-win32.obj
c:\tracbom\tracbom\cocos2d\cocos\2d\debug.win32\uitextatlas.obj
c:\tracbom\tracbom\cocos2d\cocos\2d\debug.win32\ccactioninstant.obj
c:\tracbom\tracbom\cocos2d\cocos\2d\debug.win32\cccamerabackgroundbrush.obj
c:\tracbom\tracbom\cocos2d\cocos\2d\debug.win32\ccfontcharmap.obj
c:\tracbom\tracbom\cocos2d\cocos\2d\debug.win32\ccmotionstreak.obj
c:\tracbom\tracbom\cocos2d\cocos\2d\debug.win32\ccspritebatchnode.obj
c:\tracbom\tracbom\cocos2d\cocos\2d\debug.win32\cccontrolpotentiometer.obj
c:\tracbom\tracbom\cocos2d\cocos\2d\debug.win32\ccpuaffector.obj
c:\tracbom\tracbom\cocos2d\cocos\2d\debug.win32\ccpuboxcollider.obj
c:\tracbom\tracbom\cocos2d\cocos\2d\debug.win32\ccpudofreezeeventhandlertranslator.obj
c:\tracbom\tracbom\cocos2d\cocos\2d\debug.win32\ccpugeometryrotatortranslator.obj
c:\tracbom\tracbom\cocos2d\cocos\2d\debug.win32\ccpuoncountobservertranslator.obj
c:\tracbom\tracbom\cocos2d\cocos\2d\debug.win32\ccpupathfollowertranslator.obj
c:\tracbom\tracbom\cocos2d\cocos\2d\debug.win32\ccpusineforceaffectortranslator.obj
c:\tracbom\tracbom\cocos2d\cocos\2d\debug.win32\clipper.obj
c:\tracbom\tracbom\cocos2d\cocos\2d\debug.win32\ccskeleton3d.obj
c:\tracbom\tracbom\cocos2d\cocos\2d\debug.win32\audiodecodermanager.obj
c:\tracbom\tracbom\cocos2d\cocos\2d\debug.win32\simpleaudioengine.obj
c:\tracbom\tracbom\cocos2d\cocos\2d\debug.win32\cceventkeyboard.obj
c:\tracbom\tracbom\cocos2d\cocos\2d\debug.win32\cceventlistenertouch.obj
c:\tracbom\tracbom\cocos2d\cocos\2d\debug.win32\ccref.obj
c:\tracbom\tracbom\cocos2d\cocos\2d\debug.win32\pvr.obj
c:\tracbom\tracbom\cocos2d\cocos\2d\debug.win32\ziputils.obj
c:\tracbom\tracbom\cocos2d\cocos\2d\debug.win32\ccnodeloader.obj
c:\tracbom\tracbom\cocos2d\cocos\2d\debug.win32\cccomcontroller.obj
c:\tracbom\tracbom\cocos2d\cocos\2d\debug.win32\ccsguireader.obj
c:\tracbom\tracbom\cocos2d\cocos\2d\debug.win32\light3dreader.obj
c:\tracbom\tracbom\cocos2d\cocos\2d\debug.win32\skeletonnodereader.obj
c:\tracbom\tracbom\cocos2d\cocos\2d\debug.win32\ccaffinetransform.obj
c:\tracbom\tracbom\cocos2d\cocos\2d\debug.win32\ccgeometry.obj
c:\tracbom\tracbom\cocos2d\cocos\2d\debug.win32\ccvertex.obj
c:\tracbom\tracbom\cocos2d\cocos\2d\debug.win32\mathutil.obj
c:\tracbom\tracbom\cocos2d\cocos\2d\debug.win32\quaternion.obj
c:\tracbom\tracbom\cocos2d\cocos\2d\debug.win32\vec2.obj
c:\tracbom\tracbom\cocos2d\cocos\2d\debug.win32\vec4.obj
c:\tracbom\tracbom\cocos2d\cocos\2d\debug.win32\ccnavmeshagent.obj
c:\tracbom\tracbom\cocos2d\cocos\2d\debug.win32\ccphysicsjoint.obj
c:\tracbom\tracbom\cocos2d\cocos\2d\debug.win32\ccglview.obj
c:\tracbom\tracbom\cocos2d\cocos\2d\debug.win32\ccapplication-win32.obj
c:\tracbom\tracbom\cocos2d\cocos\2d\debug.win32\ccframebuffer.obj
c:\tracbom\tracbom\cocos2d\cocos\2d\debug.win32\ccvertexattribbinding.obj
c:\tracbom\tracbom\cocos2d\cocos\2d\debug.win32\uiimageview.obj
c:\tracbom\tracbom\cocos2d\cocos\2d\debug.win32\uislider.obj
c:\tracbom\tracbom\cocos2d\cocos\2d\debug.win32\ccactioncatmullrom.obj
c:\tracbom\tracbom\cocos2d\cocos\2d\debug.win32\ccdrawnode.obj
c:\tracbom\tracbom\cocos2d\cocos\2d\debug.win32\ccnodegrid.obj
c:\tracbom\tracbom\cocos2d\cocos\2d\debug.win32\ccprotectednode.obj
c:\tracbom\tracbom\cocos2d\cocos\2d\debug.win32\cctmxxmlparser.obj
c:\tracbom\tracbom\cocos2d\cocos\2d\debug.win32\assetsmanager.obj
c:\tracbom\tracbom\cocos2d\cocos\2d\debug.win32\ccpualignaffectortranslator.obj
c:\tracbom\tracbom\cocos2d\cocos\2d\debug.win32\ccpudoaffectoreventhandlertranslator.obj
c:\tracbom\tracbom\cocos2d\cocos\2d\debug.win32\ccpuforcefieldaffectortranslator.obj
c:\tracbom\tracbom\cocos2d\cocos\2d\debug.win32\ccpuoncollisionobserver.obj
c:\tracbom\tracbom\cocos2d\cocos\2d\debug.win32\ccpuonquotaobservertranslator.obj
c:\tracbom\tracbom\cocos2d\cocos\2d\debug.win32\ccpuribbontrailrender.obj
c:\tracbom\tracbom\cocos2d\cocos\2d\debug.win32\ccpuvelocitymatchingaffector.obj
c:\tracbom\tracbom\cocos2d\cocos\2d\debug.win32\idl_gen_text.obj
c:\tracbom\tracbom\cocos2d\cocos\2d\debug.win32\atitc.obj
c:\tracbom\tracbom\cocos2d\cocos\2d\debug.win32\ccdata.obj
c:\tracbom\tracbom\cocos2d\cocos\2d\debug.win32\ccevent.obj
c:\tracbom\tracbom\cocos2d\cocos\2d\debug.win32\cceventlisteneracceleration.obj
c:\tracbom\tracbom\cocos2d\cocos\2d\debug.win32\ccfpsimages.obj
c:\tracbom\tracbom\cocos2d\cocos\2d\debug.win32\ccvalue.obj
c:\tracbom\tracbom\cocos2d\cocos\2d\debug.win32\ccnodeloaderlibrary.obj
c:\tracbom\tracbom\cocos2d\cocos\2d\debug.win32\ccdatas.obj
c:\tracbom\tracbom\cocos2d\cocos\2d\debug.win32\cocostudio.obj
c:\tracbom\tracbom\cocos2d\cocos\2d\debug.win32\httpclient.obj
c:\tracbom\tracbom\cocos2d\cocos\2d\debug.win32\ccphysicsworld.obj
c:\tracbom\tracbom\cocos2d\cocos\2d\debug.win32\ccgroupcommand.obj
c:\tracbom\tracbom\cocos2d\cocos\2d\debug.win32\uiradiobutton.obj
c:\tracbom\tracbom\cocos2d\cocos\2d\debug.win32\uiscrollviewbar.obj
c:\tracbom\tracbom\cocos2d\cocos\2d\debug.win32\ccactioninterval.obj
c:\tracbom\tracbom\cocos2d\cocos\2d\debug.win32\ccgrabber.obj
c:\tracbom\tracbom\cocos2d\cocos\2d\debug.win32\cclabeltextformatter.obj
c:\tracbom\tracbom\cocos2d\cocos\2d\debug.win32\cctransitionpageturn.obj
c:\tracbom\tracbom\cocos2d\cocos\2d\debug.win32\cccontrolutils.obj
c:\tracbom\tracbom\cocos2d\cocos\2d\debug.win32\ccparticle3demitter.obj
c:\tracbom\tracbom\cocos2d\cocos\2d\debug.win32\ccpuaffectortranslator.obj
c:\tracbom\tracbom\cocos2d\cocos\2d\debug.win32\ccpudoexpireeventhandlertranslator.obj
c:\tracbom\tracbom\cocos2d\cocos\2d\debug.win32\ccpugravityaffectortranslator.obj
c:\tracbom\tracbom\cocos2d\cocos\2d\debug.win32\ccpuonclearobservertranslator.obj
c:\tracbom\tracbom\cocos2d\cocos\2d\debug.win32\ccpuonvelocityobservertranslator.obj
c:\tracbom\tracbom\cocos2d\cocos\2d\debug.win32\ccpuscriptlexer.obj
c:\tracbom\tracbom\cocos2d\cocos\2d\debug.win32\ccpusineforceaffector.obj
c:\tracbom\tracbom\cocos2d\cocos\2d\debug.win32\ccpuutil.obj
c:\tracbom\tracbom\cocos2d\cocos\2d\debug.win32\ccpuvelocitymatchingaffectortranslator.obj
c:\tracbom\tracbom\cocos2d\cocos\2d\debug.win32\ccplane.obj
c:\tracbom\tracbom\cocos2d\cocos\2d\debug.win32\ccterrain.obj
c:\tracbom\tracbom\cocos2d\cocos\2d\debug.win32\cceventdispatcher.obj
c:\tracbom\tracbom\cocos2d\cocos\2d\debug.win32\ccscrollviewloader.obj
c:\tracbom\tracbom\cocos2d\cocos\2d\debug.win32\cccomaudio.obj
c:\tracbom\tracbom\cocos2d\cocos\2d\debug.win32\ccprocessbase.obj
c:\tracbom\tracbom\cocos2d\cocos\2d\debug.win32\flatbuffersserialize.obj
c:\tracbom\tracbom\cocos2d\cocos\2d\debug.win32\ccstdc-win32.obj
c:\tracbom\tracbom\cocos2d\cocos\2d\debug.win32\ccglprogram.obj
c:\tracbom\tracbom\cocos2d\cocos\2d\debug.win32\ccvertexindexbuffer.obj
c:\tracbom\tracbom\cocos2d\cocos\2d\debug.win32\uieditbox.obj
c:\tracbom\tracbom\cocos2d\cocos\2d\debug.win32\uitextfield.obj
c:\tracbom\tracbom\cocos2d\cocos\2d\debug.win32\ccfontatlascache.obj
c:\tracbom\tracbom\cocos2d\cocos\2d\debug.win32\ccparticlebatchnode.obj
c:\tracbom\tracbom\cocos2d\cocos\2d\debug.win32\ccsprite.obj
c:\tracbom\tracbom\cocos2d\cocos\2d\debug.win32\ccscrollview.obj
c:\tracbom\tracbom\cocos2d\cocos\2d\debug.win32\ccpudoaffectoreventhandler.obj
c:\tracbom\tracbom\cocos2d\cocos\2d\debug.win32\ccpueventhandlermanager.obj
c:\tracbom\tracbom\cocos2d\cocos\2d\debug.win32\ccpunoise.obj
c:\tracbom\tracbom\cocos2d\cocos\2d\debug.win32\ccpuonclearobserver.obj
c:\tracbom\tracbom\cocos2d\cocos\2d\debug.win32\ccpuonpositionobservertranslator.obj
c:\tracbom\tracbom\cocos2d\cocos\2d\debug.win32\ccpupositionemittertranslator.obj
c:\tracbom\tracbom\cocos2d\cocos\2d\debug.win32\ccputechniquetranslator.obj
c:\tracbom\tracbom\cocos2d\cocos\2d\debug.win32\tinyxml2.obj
c:\tracbom\tracbom\cocos2d\cocos\2d\debug.win32\ccray.obj
c:\tracbom\tracbom\cocos2d\cocos\2d\debug.win32\ccsprite3dmaterial.obj
c:\tracbom\tracbom\cocos2d\cocos\2d\debug.win32\ccallocatorglobalnewdelete.obj
c:\tracbom\tracbom\cocos2d\cocos\2d\debug.win32\cceventcustom.obj
c:\tracbom\tracbom\cocos2d\cocos\2d\debug.win32\cceventlistenermouse.obj
c:\tracbom\tracbom\cocos2d\cocos\2d\debug.win32\ccns.obj
c:\tracbom\tracbom\cocos2d\cocos\2d\debug.win32\ccutils.obj
c:\tracbom\tracbom\cocos2d\cocos\2d\debug.win32\cclayerloader.obj
c:\tracbom\tracbom\cocos2d\cocos\2d\debug.win32\ccframe.obj
c:\tracbom\tracbom\cocos2d\cocos\2d\debug.win32\ccactionobject.obj
c:\tracbom\tracbom\cocos2d\cocos\2d\debug.win32\cccomrender.obj
c:\tracbom\tracbom\cocos2d\cocos\2d\debug.win32\textatlasreader.obj
c:\tracbom\tracbom\cocos2d\cocos\2d\debug.win32\websocket.obj
c:\tracbom\tracbom\cocos2d\cocos\2d\debug.win32\cccommon-win32.obj
c:\tracbom\tracbom\cocos2d\cocos\2d\debug.win32\ccbatchcommand.obj
c:\tracbom\tracbom\cocos2d\cocos\2d\debug.win32\ccglprogramstatecache.obj
c:\tracbom\tracbom\cocos2d\cocos\2d\debug.win32\cctextureatlas.obj
c:\tracbom\tracbom\cocos2d\cocos\2d\debug.win32\uicheckbox.obj
c:\tracbom\tracbom\cocos2d\cocos\2d\debug.win32\uirelativebox.obj
c:\tracbom\tracbom\cocos2d\cocos\2d\debug.win32\ccaction.obj
c:\tracbom\tracbom\cocos2d\cocos\2d\debug.win32\ccactionprogresstimer.obj
c:\tracbom\tracbom\cocos2d\cocos\2d\debug.win32\cccamera.obj
c:\tracbom\tracbom\cocos2d\cocos\2d\debug.win32\ccglbufferednode.obj
c:\tracbom\tracbom\cocos2d\cocos\2d\debug.win32\cclayer.obj
c:\tracbom\tracbom\cocos2d\cocos\2d\debug.win32\cceventlistenerassetsmanagerex.obj
c:\tracbom\tracbom\cocos2d\cocos\2d\debug.win32\ccpuboxemitter.obj
c:\tracbom\tracbom\cocos2d\cocos\2d\debug.win32\ccpudoplacementparticleeventhandlertranslator.obj
c:\tracbom\tracbom\cocos2d\cocos\2d\debug.win32\ccpulineemitter.obj
c:\tracbom\tracbom\cocos2d\cocos\2d\debug.win32\ccpuonemissionobservertranslator.obj
c:\tracbom\tracbom\cocos2d\cocos\2d\debug.win32\ccpurenderertranslator.obj
c:\tracbom\tracbom\cocos2d\cocos\2d\debug.win32\ccpuvortexaffector.obj
c:\tracbom\tracbom\cocos2d\cocos\2d\debug.win32\ioapi.obj
c:\tracbom\tracbom\cocos2d\cocos\2d\debug.win32\ccattachnode.obj
c:\tracbom\tracbom\cocos2d\cocos\2d\debug.win32\ccfrustum.obj
c:\tracbom\tracbom\cocos2d\cocos\2d\debug.win32\ccobjloader.obj
c:\tracbom\tracbom\cocos2d\cocos\2d\debug.win32\cceventfocus.obj
c:\tracbom\tracbom\cocos2d\cocos\2d\debug.win32\cceventlistenerfocus.obj
c:\tracbom\tracbom\cocos2d\cocos\2d\debug.win32\ccninepatchimageparser.obj
c:\tracbom\tracbom\cocos2d\cocos\2d\debug.win32\cctouch.obj
c:\tracbom\tracbom\cocos2d\cocos\2d\debug.win32\etc1.obj
c:\tracbom\tracbom\cocos2d\cocos\2d\debug.win32\ccdictionary.obj
c:\tracbom\tracbom\cocos2d\cocos\2d\debug.win32\ccspriteloader.obj
c:\tracbom\tracbom\cocos2d\cocos\2d\debug.win32\ccarmaturedatamanager.obj
c:\tracbom\tracbom\cocos2d\cocos\2d\debug.win32\comaudioreader.obj
c:\tracbom\tracbom\cocos2d\cocos\2d\debug.win32\loadingbarreader.obj
c:\tracbom\tracbom\cocos2d\cocos\2d\debug.win32\textreader.obj
c:\tracbom\tracbom\cocos2d\cocos\2d\debug.win32\ccphysics3d.obj
c:\tracbom\tracbom\cocos2d\cocos\2d\debug.win32\ccmeshcommand.obj
c:\tracbom\tracbom\cocos2d\cocos\2d\debug.win32\cctexturecache.obj
c:\tracbom\tracbom\cocos2d\cocos\2d\debug.win32\uipageview.obj
c:\tracbom\tracbom\cocos2d\cocos\2d\debug.win32\ccactionease.obj
c:\tracbom\tracbom\cocos2d\cocos\2d\debug.win32\ccclippingnode.obj
c:\tracbom\tracbom\cocos2d\cocos\2d\debug.win32\cclabelbmfont.obj
c:\tracbom\tracbom\cocos2d\cocos\2d\debug.win32\ccmenuitem.obj
c:\tracbom\tracbom\cocos2d\cocos\2d\debug.win32\ccspriteframe.obj
c:\tracbom\tracbom\cocos2d\cocos\2d\debug.win32\cctmxlayer.obj
c:\tracbom\tracbom\cocos2d\cocos\2d\debug.win32\assetsmanagerex.obj
c:\tracbom\tracbom\cocos2d\cocos\2d\debug.win32\ccpudoscaleeventhandler.obj
c:\tracbom\tracbom\cocos2d\cocos\2d\debug.win32\ccpugeometryrotator.obj
c:\tracbom\tracbom\cocos2d\cocos\2d\debug.win32\ccpulistener.obj
c:\tracbom\tracbom\cocos2d\cocos\2d\debug.win32\ccpuoneventflagobserver.obj
c:\tracbom\tracbom\cocos2d\cocos\2d\debug.win32\ccpupathfollower.obj
c:\tracbom\tracbom\cocos2d\cocos\2d\debug.win32\ccpuscaleaffector.obj
c:\tracbom\tracbom\cocos2d\cocos\2d\debug.win32\ccpuspherecollidertranslator.obj
c:\tracbom\tracbom\cocos2d\cocos\2d\debug.win32\ioapi_mem.obj
c:\tracbom\tracbom\cocos2d\cocos\2d\debug.win32\ccanimate3d.obj
c:\tracbom\tracbom\cocos2d\cocos\2d\debug.win32\ccscriptsupport.obj
c:\tracbom\tracbom\cocos2d\cocos\2d\debug.win32\tgalib.obj
c:\tracbom\tracbom\cocos2d\cocos\2d\debug.win32\ccbkeyframe.obj
c:\tracbom\tracbom\cocos2d\cocos\2d\debug.win32\cccontrolbuttonloader.obj
c:\tracbom\tracbom\cocos2d\cocos\2d\debug.win32\ccbonenode.obj
c:\tracbom\tracbom\cocos2d\cocos\2d\debug.win32\ccdisplaymanager.obj
c:\tracbom\tracbom\cocos2d\cocos\2d\debug.win32\gamemapreader.obj
c:\tracbom\tracbom\cocos2d\cocos\2d\debug.win32\nodereaderdefine.obj
c:\tracbom\tracbom\cocos2d\cocos\2d\debug.win32\scrollviewreader.obj
c:\tracbom\tracbom\cocos2d\cocos\2d\debug.win32\usercamerareader.obj
c:\tracbom\tracbom\cocos2d\cocos\2d\debug.win32\ccphysics3dconstraint.obj
c:\tracbom\tracbom\cocos2d\cocos\2d\debug.win32\ccprimitive.obj
c:\tracbom\tracbom\cocos2d\cocos\2d\debug.win32\ccrenderer.obj
c:\tracbom\tracbom\cocos2d\cocos\2d\debug.win32\uihelper.obj
c:\tracbom\tracbom\cocos2d\cocos\2d\debug.win32\uitabcontrol.obj
c:\tracbom\tracbom\cocos2d\cocos\2d\debug.win32\cclabelttf.obj
c:\tracbom\tracbom\cocos2d\cocos\2d\debug.win32\ccparallaxnode.obj
c:\tracbom\tracbom\cocos2d\cocos\2d\debug.win32\ccparticlesystem.obj
c:\tracbom\tracbom\cocos2d\cocos\2d\debug.win32\cccontrolswitch.obj
c:\tracbom\tracbom\cocos2d\cocos\2d\debug.win32\ccpubaseforceaffectortranslator.obj
c:\tracbom\tracbom\cocos2d\cocos\2d\debug.win32\ccpudoexpireeventhandler.obj
c:\tracbom\tracbom\cocos2d\cocos\2d\debug.win32\ccpueventhandlertranslator.obj
c:\tracbom\tracbom\cocos2d\cocos\2d\debug.win32\ccpumeshsurfaceemittertranslator.obj
c:\tracbom\tracbom\cocos2d\cocos\2d\debug.win32\ccpuonvelocityobserver.obj
c:\tracbom\tracbom\cocos2d\cocos\2d\debug.win32\ccpuribbontrail.obj
c:\tracbom\tracbom\cocos2d\cocos\2d\debug.win32\ccputextureanimatortranslator.obj
c:\tracbom\tracbom\cocos2d\cocos\2d\debug.win32\md5.obj
c:\tracbom\tracbom\cocos2d\cocos\2d\debug.win32\cdt.obj
c:\tracbom\tracbom\cocos2d\cocos\2d\debug.win32\ccbillboard.obj
c:\tracbom\tracbom\cocos2d\cocos\2d\debug.win32\ccmotionstreak3d.obj
c:\tracbom\tracbom\cocos2d\cocos\2d\debug.win32\audiodecodermp3.obj
c:\tracbom\tracbom\cocos2d\cocos\2d\debug.win32\ccallocatorglobal.obj
c:\tracbom\tracbom\cocos2d\cocos\2d\debug.win32\cccontroller.obj
c:\tracbom\tracbom\cocos2d\cocos\2d\debug.win32\cceventlistener.obj
c:\tracbom\tracbom\cocos2d\cocos\2d\debug.win32\cceventtouch.obj
c:\tracbom\tracbom\cocos2d\cocos\2d\debug.win32\ccproperties.obj
c:\tracbom\tracbom\cocos2d\cocos\2d\debug.win32\cocos2d.obj
c:\tracbom\tracbom\cocos2d\cocos\2d\debug.win32\ccbfileloader.obj
c:\tracbom\tracbom\cocos2d\cocos\2d\debug.win32\ccactiontimelinecache.obj
c:\tracbom\tracbom\cocos2d\cocos\2d\debug.win32\buttonreader.obj
c:\tracbom\tracbom\cocos2d\cocos\2d\debug.win32\pageviewreader.obj
c:\tracbom\tracbom\cocos2d\cocos\2d\debug.win32\particle3dreader.obj
c:\tracbom\tracbom\cocos2d\cocos\2d\debug.win32\ccphysicsshape.obj
c:\tracbom\tracbom\cocos2d\cocos\2d\debug.win32\ccfileutils.obj
c:\tracbom\tracbom\cocos2d\cocos\2d\debug.win32\cccontrolsaturationbrightnesspicker.obj
c:\tracbom\tracbom\cocos2d\cocos\2d\debug.win32\ccpubasecollider.obj
c:\tracbom\tracbom\cocos2d\cocos\2d\debug.win32\ccpucollisionavoidanceaffector.obj
c:\tracbom\tracbom\cocos2d\cocos\2d\debug.win32\ccpudofreezeeventhandler.obj
c:\tracbom\tracbom\cocos2d\cocos\2d\debug.win32\ccpuflockcenteringaffector.obj
c:\tracbom\tracbom\cocos2d\cocos\2d\debug.win32\ccpulinearforceaffector.obj
c:\tracbom\tracbom\cocos2d\cocos\2d\debug.win32\ccpuoncountobserver.obj
c:\tracbom\tracbom\cocos2d\cocos\2d\debug.win32\ccpuonrandomobservertranslator.obj
c:\tracbom\tracbom\cocos2d\cocos\2d\debug.win32\ccpuscriptcompiler.obj
c:\tracbom\tracbom\cocos2d\cocos\2d\debug.win32\shapes.obj
c:\tracbom\tracbom\cocos2d\cocos\2d\debug.win32\xxhash.obj
c:\tracbom\tracbom\cocos2d\cocos\2d\debug.win32\ccbundle3d.obj
c:\tracbom\tracbom\cocos2d\cocos\2d\debug.win32\ccstring.obj
c:\tracbom\tracbom\cocos2d\cocos\2d\debug.win32\ccscale9spriteloader.obj
c:\tracbom\tracbom\cocos2d\cocos\2d\debug.win32\csloader.obj
c:\tracbom\tracbom\cocos2d\cocos\2d\debug.win32\ccphysicscontact.obj
c:\tracbom\tracbom\cocos2d\cocos\2d\debug.win32\ccimage.obj
c:\tracbom\tracbom\cocos2d\cocos\2d\debug.win32\ccpass.obj
c:\tracbom\tracbom\cocos2d\cocos\2d\debug.win32\ccrendercommand.obj
c:\tracbom\tracbom\cocos2d\cocos\2d\debug.win32\cctrianglescommand.obj
c:\tracbom\tracbom\cocos2d\cocos\2d\debug.win32\uieditboximpl-common.obj
c:\tracbom\tracbom\cocos2d\cocos\2d\debug.win32\uipageviewindicator.obj
c:\tracbom\tracbom\cocos2d\cocos\2d\debug.win32\ccactiontween.obj
c:\tracbom\tracbom\cocos2d\cocos\2d\debug.win32\ccdrawingprimitives.obj
c:\tracbom\tracbom\cocos2d\cocos\2d\debug.win32\cclabel.obj
c:\tracbom\tracbom\cocos2d\cocos\2d\debug.win32\cccontrolcolourpicker.obj
c:\tracbom\tracbom\cocos2d\cocos\2d\debug.win32\ccpubasecollidertranslator.obj
c:\tracbom\tracbom\cocos2d\cocos\2d\debug.win32\ccpudoenablecomponenteventhandler.obj
c:\tracbom\tracbom\cocos2d\cocos\2d\debug.win32\ccpudostopsystemeventhandlertranslator.obj
c:\tracbom\tracbom\cocos2d\cocos\2d\debug.win32\ccpulineaffector.obj
c:\tracbom\tracbom\cocos2d\cocos\2d\debug.win32\ccpuoncollisionobservertranslator.obj
c:\tracbom\tracbom\cocos2d\cocos\2d\debug.win32\ccpuparticlefollowertranslator.obj
c:\tracbom\tracbom\cocos2d\cocos\2d\debug.win32\ccpuscaleaffectortranslator.obj
c:\tracbom\tracbom\cocos2d\cocos\2d\debug.win32\ccputexturerotatortranslator.obj
c:\tracbom\tracbom\cocos2d\cocos\2d\debug.win32\ccanimation3d.obj
c:\tracbom\tracbom\cocos2d\cocos\2d\debug.win32\mciplayer.obj
c:\tracbom\tracbom\cocos2d\cocos\2d\debug.win32\ccasynctaskpool.obj
c:\tracbom\tracbom\cocos2d\cocos\2d\debug.win32\ccdatavisitor.obj
c:\tracbom\tracbom\cocos2d\cocos\2d\debug.win32\ccrandom.obj
c:\tracbom\tracbom\cocos2d\cocos\2d\debug.win32\ccuserdefault.obj
c:\tracbom\tracbom\cocos2d\cocos\2d\debug.win32\ccbreader.obj
c:\tracbom\tracbom\cocos2d\cocos\2d\debug.win32\ccarmature.obj
c:\tracbom\tracbom\cocos2d\cocos\2d\debug.win32\triggerobj.obj
c:\tracbom\tracbom\cocos2d\cocos\2d\debug.win32\ccphysicsbody.obj
c:\tracbom\tracbom\cocos2d\cocos\2d\debug.win32\ccsaxparser.obj
c:\tracbom\tracbom\cocos2d\cocos\2d\debug.win32\ccdevice-win32.obj
c:\tracbom\tracbom\cocos2d\cocos\2d\debug.win32\ccglprogramstate.obj
c:\tracbom\tracbom\cocos2d\cocos\2d\debug.win32\uilayoutcomponent.obj
c:\tracbom\tracbom\cocos2d\cocos\2d\debug.win32\uivbox.obj
c:\tracbom\tracbom\cocos2d\cocos\2d\debug.win32\ccfasttmxlayer.obj
c:\tracbom\tracbom\cocos2d\cocos\2d\debug.win32\cctilemapatlas.obj
c:\tracbom\tracbom\cocos2d\cocos\2d\debug.win32\cccontrolhuepicker.obj
c:\tracbom\tracbom\cocos2d\cocos\2d\debug.win32\ccparticlesystem3d.obj
c:\tracbom\tracbom\cocos2d\cocos\2d\debug.win32\ccpubehaviourtranslator.obj
c:\tracbom\tracbom\cocos2d\cocos\2d\debug.win32\ccpudoscaleeventhandlertranslator.obj
c:\tracbom\tracbom\cocos2d\cocos\2d\debug.win32\ccpulinearforceaffectortranslator.obj
c:\tracbom\tracbom\cocos2d\cocos\2d\debug.win32\ccpuonquotaobserver.obj
c:\tracbom\tracbom\cocos2d\cocos\2d\debug.win32\ccpuplanecollidertranslator.obj
c:\tracbom\tracbom\cocos2d\cocos\2d\debug.win32\ccpuslavebehaviour.obj
c:\tracbom\tracbom\cocos2d\cocos\2d\debug.win32\ccputexturerotator.obj
c:\tracbom\tracbom\cocos2d\cocos\2d\debug.win32\idl_gen_go.obj
c:\tracbom\tracbom\cocos2d\cocos\2d\debug.win32\base64.obj
c:\tracbom\tracbom\cocos2d\cocos\2d\debug.win32\ccconsole.obj
c:\tracbom\tracbom\cocos2d\cocos\2d\debug.win32\ccactiontimeline.obj
c:\tracbom\tracbom\cocos2d\cocos\2d\debug.win32\ccdecorativedisplay.obj
c:\tracbom\tracbom\cocos2d\cocos\2d\debug.win32\ccutilmath.obj
c:\tracbom\tracbom\cocos2d\cocos\2d\debug.win32\cocoloader.obj
c:\tracbom\tracbom\cocos2d\cocos\2d\debug.win32\localizationmanager.obj
c:\tracbom\tracbom\cocos2d\cocos\2d\debug.win32\imageviewreader.obj
c:\tracbom\tracbom\cocos2d\cocos\2d\debug.win32\bonenodereader.obj
c:\tracbom\tracbom\cocos2d\cocos\2d\debug.win32\node3dreader.obj
c:\tracbom\tracbom\cocos2d\cocos\2d\debug.win32\ccnavmeshobstacle.obj
c:\tracbom\tracbom\cocos2d\cocos\2d\debug.win32\ccphysics3dobject.obj
c:\tracbom\tracbom\cocos2d\cocos\2d\debug.win32\ccprimitivecommand.obj
c:\tracbom\tracbom\cocos2d\cocos\2d\debug.win32\ccshaders.obj
c:\tracbom\tracbom\cocos2d\cocos\2d\debug.win32\uiabstractcheckbutton.obj
c:\tracbom\tracbom\cocos2d\cocos\2d\debug.win32\uiloadingbar.obj
c:\tracbom\tracbom\cocos2d\cocos\2d\debug.win32\ccvrdistortionmesh.obj
c:\tracbom\tracbom\cocos2d\cocos\2d\debug.win32\ccactiongrid3d.obj
c:\tracbom\tracbom\cocos2d\cocos\2d\debug.win32\ccanimationcache.obj
c:\tracbom\tracbom\cocos2d\cocos\2d\debug.win32\ccgrid.obj
c:\tracbom\tracbom\cocos2d\cocos\2d\debug.win32\ccmenu.obj
c:\tracbom\tracbom\cocos2d\cocos\2d\debug.win32\cctweenfunction.obj
c:\tracbom\tracbom\cocos2d\cocos\2d\debug.win32\manifest.obj
c:\tracbom\tracbom\cocos2d\cocos\2d\debug.win32\ccpucircleemitter.obj
c:\tracbom\tracbom\cocos2d\cocos\2d\debug.win32\ccpudynamicattribute.obj
c:\tracbom\tracbom\cocos2d\cocos\2d\debug.win32\ccpuflockcenteringaffectortranslator.obj
c:\tracbom\tracbom\cocos2d\cocos\2d\debug.win32\ccpuobservertranslator.obj
c:\tracbom\tracbom\cocos2d\cocos\2d\debug.win32\ccpuplane.obj
c:\tracbom\tracbom\cocos2d\cocos\2d\debug.win32\ccpupointemitter.obj
c:\tracbom\tracbom\cocos2d\cocos\2d\debug.win32\ccpusimplespline.obj
c:\tracbom\tracbom\cocos2d\cocos\2d\debug.win32\ccpuslaveemitter.obj
c:\tracbom\tracbom\cocos2d\cocos\2d\debug.win32\ccpuvertexemitter.obj
c:\tracbom\tracbom\cocos2d\cocos\2d\debug.win32\sweep_context.obj
c:\tracbom\tracbom\cocos2d\cocos\2d\debug.win32\ccsprite3d.obj
c:\tracbom\tracbom\cocos2d\cocos\2d\debug.win32\ccset.obj
c:\tracbom\tracbom\cocos2d\cocos\2d\debug.win32\cclabelbmfontloader.obj
c:\tracbom\tracbom\cocos2d\cocos\2d\debug.win32\ccskeletonnode.obj
c:\tracbom\tracbom\cocos2d\cocos\2d\debug.win32\ccinputdelegate.obj
c:\tracbom\tracbom\cocos2d\cocos\2d\debug.win32\cctween.obj
c:\tracbom\tracbom\cocos2d\cocos\2d\debug.win32\nodereaderprotocol.obj
c:\tracbom\tracbom\cocos2d\cocos\2d\debug.win32\singlenodereader.obj
c:\tracbom\tracbom\cocos2d\cocos\2d\debug.win32\sprite3dreader.obj
c:\tracbom\tracbom\cocos2d\cocos\2d\debug.win32\ccnavmeshutils.obj
c:\tracbom\tracbom\cocos2d\cocos\2d\debug.win32\socketio.obj
c:\tracbom\tracbom\cocos2d\cocos\2d\debug.win32\cccustomcommand.obj
c:\tracbom\tracbom\cocos2d\cocos\2d\debug.win32\ccmaterial.obj
c:\tracbom\tracbom\cocos2d\cocos\2d\debug.win32\ccvertexindexdata.obj
c:\tracbom\tracbom\cocos2d\cocos\2d\debug.win32\uilayoutmanager.obj
c:\tracbom\tracbom\cocos2d\cocos\2d\debug.win32\uiwebview.obj
c:\tracbom\tracbom\cocos2d\cocos\2d\debug.win32\ccvrdistortion.obj
c:\tracbom\tracbom\cocos2d\cocos\2d\debug.win32\ccvrgenericrenderer.obj
c:\tracbom\tracbom\cocos2d\cocos\2d\debug.win32\ccactionmanager.obj
c:\tracbom\tracbom\cocos2d\cocos\2d\debug.win32\cccomponentcontainer.obj
c:\tracbom\tracbom\cocos2d\cocos\2d\debug.win32\cclight.obj
c:\tracbom\tracbom\cocos2d\cocos\2d\debug.win32\ccparticlesystemquad.obj
c:\tracbom\tracbom\cocos2d\cocos\2d\debug.win32\ccspriteframecache.obj
c:\tracbom\tracbom\cocos2d\cocos\2d\debug.win32\cccontrolbutton.obj
c:\tracbom\tracbom\cocos2d\cocos\2d\debug.win32\ccpucoloraffectortranslator.obj
c:\tracbom\tracbom\cocos2d\cocos\2d\debug.win32\ccpuforcefieldaffector.obj
c:\tracbom\tracbom\cocos2d\cocos\2d\debug.win32\ccpulineemittertranslator.obj
c:\tracbom\tracbom\cocos2d\cocos\2d\debug.win32\ccpuonrandomobserver.obj
c:\tracbom\tracbom\cocos2d\cocos\2d\debug.win32\ccpurandomiser.obj
c:\tracbom\tracbom\cocos2d\cocos\2d\debug.win32\ccpuslaveemittertranslator.obj
c:\tracbom\tracbom\cocos2d\cocos\2d\debug.win32\convertutfwrapper.obj
c:\tracbom\tracbom\cocos2d\cocos\2d\debug.win32\advancing_front.obj
c:\tracbom\tracbom\cocos2d\cocos\2d\debug.win32\unzip.obj
c:\tracbom\tracbom\cocos2d\cocos\2d\debug.win32\ccmesh.obj
c:\tracbom\tracbom\cocos2d\cocos\2d\debug.win32\audioplayer.obj
c:\tracbom\tracbom\cocos2d\cocos\2d\debug.win32\cceventlistenerkeyboard.obj
c:\tracbom\tracbom\cocos2d\cocos\2d\debug.win32\ccprofiling.obj
c:\tracbom\tracbom\cocos2d\cocos\2d\debug.win32\ccnotificationcenter.obj
c:\tracbom\tracbom\cocos2d\cocos\2d\debug.win32\ccbsequence.obj
c:\tracbom\tracbom\cocos2d\cocos\2d\debug.win32\ccnode+ccbrelativepositioning.obj
c:\tracbom\tracbom\cocos2d\cocos\2d\debug.win32\ccskinnode.obj
c:\tracbom\tracbom\cocos2d\cocos\2d\debug.win32\ccactionmanagerex.obj
c:\tracbom\tracbom\cocos2d\cocos\2d\debug.win32\ccdisplayfactory.obj
c:\tracbom\tracbom\cocos2d\cocos\2d\debug.win32\gamenode3dreader.obj
c:\tracbom\tracbom\cocos2d\cocos\2d\debug.win32\particlereader.obj
c:\tracbom\tracbom\cocos2d\cocos\2d\debug.win32\tabcontrolreader.obj
c:\tracbom\tracbom\cocos2d\cocos\2d\debug.win32\ccphysics3dworld.obj
c:\tracbom\tracbom\cocos2d\cocos\2d\debug.win32\uilayoutparameter.obj
c:\tracbom\tracbom\cocos2d\cocos\2d\debug.win32\uitextbmfont.obj
c:\tracbom\tracbom\cocos2d\cocos\2d\debug.win32\ccanimation.obj
c:\tracbom\tracbom\cocos2d\cocos\2d\debug.win32\ccfontfnt.obj
c:\tracbom\tracbom\cocos2d\cocos\2d\debug.win32\cctableview.obj
c:\tracbom\tracbom\cocos2d\cocos\2d\debug.win32\ccpubehaviour.obj
c:\tracbom\tracbom\cocos2d\cocos\2d\debug.win32\ccpucollisionavoidanceaffectortranslator.obj
c:\tracbom\tracbom\cocos2d\cocos\2d\debug.win32\ccpuemitter.obj
c:\tracbom\tracbom\cocos2d\cocos\2d\debug.win32\ccpujetaffector.obj
c:\tracbom\tracbom\cocos2d\cocos\2d\debug.win32\ccpuobserver.obj
c:\tracbom\tracbom\cocos2d\cocos\2d\debug.win32\ccpuparticlesystem3dtranslator.obj
c:\tracbom\tracbom\cocos2d\cocos\2d\debug.win32\ccpuscalevelocityaffector.obj
c:\tracbom\tracbom\cocos2d\cocos\2d\debug.win32\ccpuspheresurfaceemitter.obj
c:\tracbom\tracbom\cocos2d\cocos\2d\debug.win32\ccphysicssprite.obj
c:\tracbom\tracbom\cocos2d\cocos\2d\debug.win32\sweep.obj
c:\tracbom\tracbom\cocos2d\cocos\2d\debug.win32\ccbundlereader.obj
c:\tracbom\tracbom\cocos2d\cocos\2d\debug.win32\ccobb.obj
c:\tracbom\tracbom\cocos2d\cocos\2d\debug.win32\ccskybox.obj
c:\tracbom\tracbom\cocos2d\cocos\2d\debug.win32\audiodecoderogg.obj
c:\tracbom\tracbom\cocos2d\cocos\2d\debug.win32\ccallocatordiagnostics.obj
c:\tracbom\tracbom\cocos2d\cocos\2d\debug.win32\ccconfiguration.obj
c:\tracbom\tracbom\cocos2d\cocos\2d\debug.win32\cceventmouse.obj
c:\tracbom\tracbom\cocos2d\cocos\2d\debug.win32\ccimedispatcher.obj
c:\tracbom\tracbom\cocos2d\cocos\2d\debug.win32\s3tc.obj
c:\tracbom\tracbom\cocos2d\cocos\2d\debug.win32\ccdeprecated.obj
c:\tracbom\tracbom\cocos2d\cocos\2d\debug.win32\ccbsequenceproperty.obj
c:\tracbom\tracbom\cocos2d\cocos\2d\debug.win32\ccmenuitemimageloader.obj
c:\tracbom\tracbom\cocos2d\cocos\2d\debug.win32\ccarmaturedefine.obj
c:\tracbom\tracbom\cocos2d\cocos\2d\debug.win32\ccbone.obj
c:\tracbom\tracbom\cocos2d\cocos\2d\debug.win32\widgetcallbackhandlerprotocol.obj
c:\tracbom\tracbom\cocos2d\cocos\2d\debug.win32\layoutreader.obj
c:\tracbom\tracbom\cocos2d\cocos\2d\debug.win32\sliderreader.obj
c:\tracbom\tracbom\cocos2d\cocos\2d\debug.win32\ccdownloader-curl.obj
c:\tracbom\tracbom\cocos2d\cocos\2d\debug.win32\ccfileutils-win32.obj
c:\tracbom\tracbom\cocos2d\cocos\2d\debug.win32\ccvrgenericheadtracker.obj
c:\tracbom\tracbom\cocos2d\cocos\2d\debug.win32\ccactiongrid.obj
c:\tracbom\tracbom\cocos2d\cocos\2d\debug.win32\ccautopolygon.obj
c:\tracbom\tracbom\cocos2d\cocos\2d\debug.win32\cctextfieldttf.obj
c:\tracbom\tracbom\cocos2d\cocos\2d\debug.win32\cctmxtiledmap.obj
c:\tracbom\tracbom\cocos2d\cocos\2d\debug.win32\cctableviewcell.obj
c:\tracbom\tracbom\cocos2d\cocos\2d\debug.win32\ccparticle3drender.obj
c:\tracbom\tracbom\cocos2d\cocos\2d\debug.win32\ccpuboxcollidertranslator.obj
c:\tracbom\tracbom\cocos2d\cocos\2d\debug.win32\ccpuemittermanager.obj
c:\tracbom\tracbom\cocos2d\cocos\2d\debug.win32\ccpumeshsurfaceemitter.obj
c:\tracbom\tracbom\cocos2d\cocos\2d\debug.win32\ccpuonpositionobserver.obj
c:\tracbom\tracbom\cocos2d\cocos\2d\debug.win32\ccpuplanecollider.obj
c:\tracbom\tracbom\cocos2d\cocos\2d\debug.win32\ccpuscalevelocityaffectortranslator.obj
c:\tracbom\tracbom\cocos2d\cocos\2d\debug.win32\ccputranslatemanager.obj
c:\tracbom\tracbom\cocos2d\cocos\2d\debug.win32\audiocache.obj
c:\tracbom\tracbom\cocos2d\cocos\2d\debug.win32\ccautoreleasepool.obj
c:\tracbom\tracbom\cocos2d\cocos\2d\debug.win32\cceventcontroller.obj
c:\tracbom\tracbom\cocos2d\cocos\2d\debug.win32\cceventlistenercustom.obj
c:\tracbom\tracbom\cocos2d\cocos\2d\debug.win32\ccstencilstatemanager.obj
c:\tracbom\tracbom\cocos2d\cocos\2d\debug.win32\cctypes.obj
c:\tracbom\tracbom\cocos2d\cocos\2d\debug.win32\objectfactory.obj
c:\tracbom\tracbom\cocos2d\cocos\2d\debug.win32\cclabelttfloader.obj
c:\tracbom\tracbom\cocos2d\cocos\2d\debug.win32\ccactionframe.obj
c:\tracbom\tracbom\cocos2d\cocos\2d\debug.win32\ccarmatureanimation.obj
c:\tracbom\tracbom\cocos2d\cocos\2d\debug.win32\triggermng.obj
c:\tracbom\tracbom\cocos2d\cocos\2d\debug.win32\ccthread.obj
c:\tracbom\tracbom\cocos2d\cocos\2d\debug.win32\ccutils-win32.obj
c:\tracbom\tracbom\cocos2d\cocos\2d\debug.win32\ccglprogramcache.obj
c:\tracbom\tracbom\cocos2d\cocos\2d\debug.win32\uibutton.obj
c:\tracbom\tracbom\cocos2d\cocos\2d\debug.win32\uiscale9sprite.obj
c:\tracbom\tracbom\cocos2d\cocos\2d\debug.win32\uitext.obj
c:\tracbom\tracbom\cocos2d\cocos\2d\debug.win32\ccclippingrectanglenode.obj
c:\tracbom\tracbom\cocos2d\cocos\2d\debug.win32\cclabelatlas.obj
c:\tracbom\tracbom\cocos2d\cocos\2d\debug.win32\ccparticleexamples.obj
c:\tracbom\tracbom\cocos2d\cocos\2d\debug.win32\ccrendertexture.obj
c:\tracbom\tracbom\cocos2d\cocos\2d\debug.win32\ccparticle3daffector.obj
c:\tracbom\tracbom\cocos2d\cocos\2d\debug.win32\ccpubeamrender.obj
c:\tracbom\tracbom\cocos2d\cocos\2d\debug.win32\ccpudoenablecomponenteventhandlertranslator.obj
c:\tracbom\tracbom\cocos2d\cocos\2d\debug.win32\ccpuinterparticlecollider.obj
c:\tracbom\tracbom\cocos2d\cocos\2d\debug.win32\ccpuobservermanager.obj
c:\tracbom\tracbom\cocos2d\cocos\2d\debug.win32\ccpuontimeobserver.obj
c:\tracbom\tracbom\cocos2d\cocos\2d\debug.win32\ccpurender.obj
c:\tracbom\tracbom\cocos2d\cocos\2d\debug.win32\ccpuspherecollider.obj
c:\tracbom\tracbom\cocos2d\cocos\2d\debug.win32\ccpuvortexaffectortranslator.obj
c:\tracbom\tracbom\cocos2d\cocos\2d\debug.win32\ccmeshvertexindexdata.obj
c:\tracbom\tracbom\cocos2d\cocos\2d\debug.win32\audiodecoder.obj
c:\tracbom\tracbom\cocos2d\cocos\2d\debug.win32\audioengine-win32.obj
c:\tracbom\tracbom\cocos2d\cocos\2d\debug.win32\cclayergradientloader.obj
c:\tracbom\tracbom\cocos2d\cocos\2d\debug.win32\cctimeline.obj
c:\tracbom\tracbom\cocos2d\cocos\2d\debug.win32\cccolliderdetector.obj
c:\tracbom\tracbom\cocos2d\cocos\2d\debug.win32\ccspriteframecachehelper.obj
c:\tracbom\tracbom\cocos2d\cocos\2d\debug.win32\dictionaryhelper.obj
c:\tracbom\tracbom\cocos2d\cocos\2d\debug.win32\triggerbase.obj
c:\tracbom\tracbom\cocos2d\cocos\2d\debug.win32\ccnavmesh.obj
c:\tracbom\tracbom\cocos2d\cocos\2d\debug.win32\ccphysicssprite3d.obj
c:\tracbom\tracbom\cocos2d\cocos\2d\debug.win32\uideprecated.obj
c:\tracbom\tracbom\cocos2d\cocos\2d\debug.win32\uirichtext.obj
c:\tracbom\tracbom\cocos2d\cocos\2d\debug.win32\cccontrol.obj
c:\tracbom\tracbom\cocos2d\cocos\2d\debug.win32\ccpuboxemittertranslator.obj
c:\tracbom\tracbom\cocos2d\cocos\2d\debug.win32\ccpuemittertranslator.obj
c:\tracbom\tracbom\cocos2d\cocos\2d\debug.win32\ccpumaterialmanager.obj
c:\tracbom\tracbom\cocos2d\cocos\2d\debug.win32\ccpuparticlefollower.obj
c:\tracbom\tracbom\cocos2d\cocos\2d\debug.win32\ccpurandomisertranslator.obj
c:\tracbom\tracbom\cocos2d\cocos\2d\debug.win32\ccputextureanimator.obj
c:\tracbom\tracbom\cocos2d\cocos\2d\debug.win32\convertutf.obj
c:\tracbom\tracbom\cocos2d\cocos\2d\debug.win32\edtaa3func.obj
c:\tracbom\tracbom\cocos2d\cocos\2d\debug.win32\idl_gen_general.obj
c:\tracbom\tracbom\cocos2d\cocos\2d\debug.win32\cccarray.obj
c:\tracbom\tracbom\cocos2d\cocos\2d\debug.win32\ccdirector.obj
c:\tracbom\tracbom\cocos2d\cocos\2d\debug.win32\ccarray.obj
c:\tracbom\tracbom\cocos2d\cocos\2d\debug.win32\ccparticlesystemquadloader.obj
c:\tracbom\tracbom\cocos2d\cocos\2d\debug.win32\ccactionframeeasing.obj
c:\tracbom\tracbom\cocos2d\cocos\2d\debug.win32\ccbatchnode.obj
c:\tracbom\tracbom\cocos2d\cocos\2d\debug.win32\armaturenodereader.obj
c:\tracbom\tracbom\cocos2d\cocos\2d\debug.win32\textbmfontreader.obj
c:\tracbom\tracbom\cocos2d\cocos\2d\debug.win32\ccphysics3ddebugdrawer.obj
c:\tracbom\tracbom\cocos2d\cocos\2d\debug.win32\cctechnique.obj
c:\tracbom\tracbom\cocos2d\cocos\2d\debug.win32\cocosgui.obj
c:\tracbom\tracbom\cocos2d\cocos\2d\debug.win32\uiwidget.obj
c:\tracbom\tracbom\cocos2d\cocos\2d\debug.win32\cctmxobjectgroup.obj
c:\tracbom\tracbom\cocos2d\cocos\2d\debug.win32\cctransitionprogress.obj
c:\tracbom\tracbom\cocos2d\cocos\2d\debug.win32\libcocos2d.tlog\cl.command.1.tlog
c:\tracbom\tracbom\cocos2d\cocos\2d\debug.win32\libcocos2d.tlog\cl.read.1.tlog
c:\tracbom\tracbom\cocos2d\cocos\2d\debug.win32\libcocos2d.tlog\cl.write.1.tlog
c:\tracbom\tracbom\cocos2d\cocos\2d\debug.win32\libcocos2d.tlog\link.command.1.tlog
c:\tracbom\tracbom\cocos2d\cocos\2d\debug.win32\libcocos2d.tlog\link.read.1.tlog
c:\tracbom\tracbom\cocos2d\cocos\2d\debug.win32\libcocos2d.tlog\link.write.1.tlog
